2021-06-02 21:33:10.250 +03:00 [DBG] User connected
2021-06-02 21:33:43.191 +03:00 [DBG] Login requested for Admin
2021-06-02 21:33:43.193 +03:00 [DBG] Is user null ChessMatchmaking.Entities.User
2021-06-02 21:33:43.194 +03:00 [DBG] io0CtbEwRpHPoEQ8QmMBqQ with name Admin
2021-06-02 21:36:17.556 +03:00 [DBG] User connected
2021-06-02 21:36:23.794 +03:00 [DBG] Login requested for Admin
2021-06-02 21:36:23.796 +03:00 [DBG] Is user null ChessMatchmaking.Entities.User
2021-06-02 21:36:23.797 +03:00 [DBG] NJhPW8vEQxlz3LnTn9hkkA with name Admin
2021-06-02 21:36:23.797 +03:00 [DBG] Updated status to Logged
2021-06-02 21:36:23.797 +03:00 [DBG] Added user to idle list
2021-06-05 22:28:33.916 +03:00 [DBG] User connected
2021-06-05 22:28:33.983 +03:00 [DBG] Login requested for Федя пидор
2021-06-05 22:28:33.993 +03:00 [DBG] Added user to idle list
2021-06-05 22:31:27.248 +03:00 [DBG] User disconnected
2021-06-05 22:31:27.476 +03:00 [DBG] User connected
2021-06-05 22:31:27.482 +03:00 [DBG] Login requested for Федя пидор
2021-06-05 22:31:27.483 +03:00 [DBG] Added user to idle list
2021-06-05 22:32:22.628 +03:00 [DBG] User connected
2021-06-05 22:32:22.684 +03:00 [DBG] Login requested for Федя пидор
2021-06-05 22:32:22.693 +03:00 [DBG] Added user to idle list
2021-06-05 22:36:56.821 +03:00 [DBG] User connected
2021-06-05 22:36:56.875 +03:00 [DBG] Login requested for Федя пидор
2021-06-05 22:36:56.882 +03:00 [DBG] Added user to idle list
2021-06-05 22:37:03.126 +03:00 [DBG] User connected
2021-06-05 22:37:03.145 +03:00 [DBG] Login requested for Федя пидор
2021-06-05 22:37:03.146 +03:00 [DBG] Added user to idle list
2021-06-06 00:14:37.618 +03:00 [DBG] User connected
2021-06-06 00:14:37.687 +03:00 [DBG] Login requested for Федя пидор
2021-06-06 00:14:37.695 +03:00 [DBG] Added user to idle list
2021-06-06 00:16:25.196 +03:00 [DBG] User connected
2021-06-06 00:16:25.268 +03:00 [DBG] Login requested for Федя пидор
2021-06-06 00:16:25.279 +03:00 [DBG] Added user to idle list
2021-06-06 00:27:18.649 +03:00 [DBG] User connected
2021-06-06 00:27:18.719 +03:00 [DBG] Login requested for Федя пидор
2021-06-06 00:27:18.733 +03:00 [DBG] Added user to idle list
2021-06-06 00:27:49.463 +03:00 [DBG] User connected
2021-06-06 00:27:49.469 +03:00 [DBG] Login requested for Федя пидор
2021-06-06 00:27:49.470 +03:00 [DBG] Added user to idle list
2021-06-06 00:34:50.065 +03:00 [DBG] User connected
2021-06-06 00:34:50.145 +03:00 [DBG] Login requested for Федя пидор
2021-06-06 00:34:50.156 +03:00 [DBG] Added user to idle list
2021-06-06 00:34:53.859 +03:00 [DBG] User connected
2021-06-06 00:34:53.874 +03:00 [DBG] Login requested for Федя пидор
2021-06-06 00:34:53.875 +03:00 [DBG] Added user to idle list
2021-06-06 00:35:37.320 +03:00 [DBG] User disconnected
2021-06-06 00:36:54.784 +03:00 [DBG] User connected
2021-06-06 00:36:54.940 +03:00 [DBG] Login requested for Федя пидор
2021-06-06 00:36:54.950 +03:00 [DBG] Added user to idle list
2021-06-06 00:36:58.750 +03:00 [DBG] User disconnected
2021-06-06 00:36:58.819 +03:00 [DBG] User connected
2021-06-06 00:36:58.821 +03:00 [DBG] Login requested for Федя пидор
2021-06-06 00:36:58.821 +03:00 [DBG] Added user to idle list
2021-06-06 00:37:08.516 +03:00 [DBG] User connected
2021-06-06 00:37:08.518 +03:00 [DBG] Login requested for Федя пидор
2021-06-06 00:37:08.518 +03:00 [DBG] Added user to idle list
2021-06-06 00:37:49.435 +03:00 [DBG] User disconnected
2021-06-06 00:37:49.922 +03:00 [DBG] User disconnected
2021-06-06 00:45:25.062 +03:00 [DBG] User connected
2021-06-06 00:45:25.200 +03:00 [DBG] Login requested for Федя пидор
2021-06-06 00:45:25.209 +03:00 [DBG] Added user to idle list
2021-06-06 00:45:32.575 +03:00 [DBG] User connected
2021-06-06 00:45:32.594 +03:00 [DBG] Login requested for Федя пидор
2021-06-06 00:45:32.595 +03:00 [DBG] Added user to idle list
2021-06-06 00:45:56.450 +03:00 [ERR] Client tried to send move, but error occurred: There is no fight
2021-06-06 00:46:09.599 +03:00 [DBG] User disconnected
2021-06-06 00:46:10.085 +03:00 [DBG] User disconnected
2021-06-06 00:47:03.700 +03:00 [DBG] User connected
2021-06-06 00:47:03.895 +03:00 [DBG] Login requested for Федя пидор
2021-06-06 00:47:03.922 +03:00 [DBG] Added user to idle list
2021-06-06 00:47:09.370 +03:00 [DBG] User connected
2021-06-06 00:47:09.379 +03:00 [DBG] Login requested for Федя пидор
2021-06-06 00:47:09.380 +03:00 [DBG] Added user to idle list
2021-06-06 00:47:52.914 +03:00 [DBG] User disconnected
2021-06-06 00:47:53.336 +03:00 [DBG] User disconnected
2021-06-06 00:49:25.856 +03:00 [DBG] User connected
2021-06-06 00:49:25.912 +03:00 [DBG] Login requested for Федя пидор
2021-06-06 00:49:25.922 +03:00 [DBG] Added user to idle list
2021-06-06 00:49:33.666 +03:00 [DBG] User connected
2021-06-06 00:49:33.676 +03:00 [DBG] Login requested for Федя пидор
2021-06-06 00:49:33.676 +03:00 [DBG] Added user to idle list
2021-06-06 00:49:54.086 +03:00 [DBG] User disconnected
2021-06-06 00:49:54.468 +03:00 [DBG] User disconnected
2021-06-06 00:59:45.440 +03:00 [DBG] User connected
2021-06-06 00:59:45.538 +03:00 [DBG] Login requested for Федя пидор
2021-06-06 00:59:45.549 +03:00 [DBG] Added user to idle list
2021-06-06 00:59:52.804 +03:00 [DBG] User connected
2021-06-06 00:59:52.866 +03:00 [DBG] Login requested for Федя пидор
2021-06-06 00:59:52.866 +03:00 [DBG] Added user to idle list
2021-06-06 01:00:17.748 +03:00 [DBG] User disconnected
2021-06-06 01:00:18.343 +03:00 [DBG] User disconnected
2021-06-06 01:03:05.180 +03:00 [DBG] User connected
2021-06-06 01:03:05.261 +03:00 [DBG] Login requested for Федя пидор
2021-06-06 01:03:05.269 +03:00 [DBG] Added user to idle list
2021-06-06 01:03:10.699 +03:00 [DBG] User connected
2021-06-06 01:03:10.709 +03:00 [DBG] Login requested for Федя пидор
2021-06-06 01:03:10.709 +03:00 [DBG] Added user to idle list
2021-06-06 01:03:43.529 +03:00 [DBG] User disconnected
2021-06-06 01:03:43.960 +03:00 [DBG] User disconnected
2021-06-06 01:05:12.723 +03:00 [DBG] User connected
2021-06-06 01:05:12.795 +03:00 [DBG] Login requested for Федя пидор
2021-06-06 01:05:12.805 +03:00 [DBG] Added user to idle list
2021-06-06 01:05:17.851 +03:00 [DBG] User connected
2021-06-06 01:05:17.909 +03:00 [DBG] Login requested for Федя пидор
2021-06-06 01:05:17.909 +03:00 [DBG] Added user to idle list
2021-06-06 01:08:51.956 +03:00 [DBG] User connected
2021-06-06 01:08:52.028 +03:00 [DBG] Login requested for Федя пидор
2021-06-06 01:08:52.038 +03:00 [DBG] Added user to idle list
2021-06-06 01:11:09.310 +03:00 [DBG] User connected
2021-06-06 01:11:09.385 +03:00 [DBG] Login requested for Федя пидор
2021-06-06 01:11:09.394 +03:00 [DBG] Added user to idle list
2021-06-06 01:12:23.034 +03:00 [DBG] User connected
2021-06-06 01:12:23.111 +03:00 [DBG] Login requested for Федя пидор
2021-06-06 01:12:23.120 +03:00 [DBG] Added user to idle list
2021-06-06 01:13:01.807 +03:00 [DBG] User connected
2021-06-06 01:13:01.864 +03:00 [DBG] Login requested for Федя пидор
2021-06-06 01:13:01.876 +03:00 [DBG] Added user to idle list
2021-06-06 01:15:01.892 +03:00 [DBG] User connected
2021-06-06 01:15:01.955 +03:00 [DBG] Login requested for Федя пидор
2021-06-06 01:15:01.965 +03:00 [DBG] Added user to idle list
2021-06-06 01:15:55.187 +03:00 [DBG] User connected
2021-06-06 01:15:55.249 +03:00 [DBG] Login requested for Федя пидор
2021-06-06 01:15:55.258 +03:00 [DBG] Added user to idle list
2021-06-06 01:16:13.059 +03:00 [DBG] User connected
2021-06-06 01:16:13.138 +03:00 [DBG] Login requested for Федя пидор
2021-06-06 01:16:13.148 +03:00 [DBG] Added user to idle list
2021-06-06 01:17:59.049 +03:00 [DBG] User connected
2021-06-06 01:17:59.120 +03:00 [DBG] Login requested for Федя пидор
2021-06-06 01:17:59.130 +03:00 [DBG] Added user to idle list
2021-06-06 01:18:39.110 +03:00 [DBG] User disconnected
2021-06-06 01:23:47.776 +03:00 [DBG] User connected
2021-06-06 01:23:47.826 +03:00 [DBG] Login requested for Федя пидор
2021-06-06 01:23:47.836 +03:00 [DBG] Added user to idle list
2021-06-06 01:24:16.982 +03:00 [DBG] User disconnected
2021-06-06 01:24:45.067 +03:00 [DBG] User connected
2021-06-06 01:24:45.175 +03:00 [DBG] Login requested for Федя пидор
2021-06-06 01:24:45.185 +03:00 [DBG] Added user to idle list
2021-06-06 01:25:16.069 +03:00 [DBG] User connected
2021-06-06 01:25:16.140 +03:00 [DBG] Login requested for Федя пидор
2021-06-06 01:25:16.150 +03:00 [DBG] Added user to idle list
2021-06-06 01:26:12.857 +03:00 [DBG] User disconnected
2021-06-06 01:28:28.339 +03:00 [DBG] User connected
2021-06-06 01:28:28.408 +03:00 [DBG] Login requested for Федя пидор
2021-06-06 01:28:28.417 +03:00 [DBG] Added user to idle list
2021-06-06 01:28:31.375 +03:00 [DBG] User disconnected
2021-06-06 01:28:31.567 +03:00 [DBG] User connected
2021-06-06 01:28:31.573 +03:00 [DBG] Login requested for Федя пидор
2021-06-06 01:28:31.574 +03:00 [DBG] Added user to idle list
2021-06-06 01:28:57.626 +03:00 [DBG] User disconnected
2021-06-06 01:29:35.482 +03:00 [DBG] User connected
2021-06-06 01:29:35.541 +03:00 [DBG] Login requested for Федя пидор
2021-06-06 01:29:35.554 +03:00 [DBG] Added user to idle list
2021-06-06 01:32:44.819 +03:00 [DBG] User connected
2021-06-06 01:32:44.882 +03:00 [DBG] Login requested for Федя пидор
2021-06-06 01:32:44.889 +03:00 [DBG] Added user to idle list
2021-06-06 01:32:53.893 +03:00 [DBG] User connected
2021-06-06 01:32:54.064 +03:00 [DBG] Login requested for Федя пидор
2021-06-06 01:32:54.066 +03:00 [DBG] Added user to idle list
2021-06-06 01:33:32.757 +03:00 [DBG] User disconnected
2021-06-06 01:33:33.432 +03:00 [DBG] User disconnected
2021-06-06 16:34:17.670 +03:00 [DBG] User connected
2021-06-06 16:34:17.755 +03:00 [DBG] Login requested for Fyodor Likhachev
2021-06-06 16:34:17.768 +03:00 [DBG] Added user to idle list
2021-06-06 16:34:26.159 +03:00 [DBG] User connected
2021-06-06 16:34:26.162 +03:00 [DBG] Login requested for Fyodor Likhachev
2021-06-06 16:34:26.193 +03:00 [DBG] Added user to idle list
2021-06-06 16:34:40.438 +03:00 [DBG] User disconnected
2021-06-06 16:38:20.128 +03:00 [DBG] User connected
2021-06-06 16:38:20.187 +03:00 [DBG] Login requested for Fyodor Likhachev
2021-06-06 16:38:20.196 +03:00 [DBG] Added user to idle list
2021-06-06 16:38:27.436 +03:00 [DBG] User connected
2021-06-06 16:38:27.439 +03:00 [DBG] Login requested for Fyodor Likhachev
2021-06-06 16:38:27.439 +03:00 [DBG] Added user to idle list
2021-06-06 16:38:41.786 +03:00 [DBG] User disconnected
2021-06-06 16:39:41.251 +03:00 [DBG] User connected
2021-06-06 16:39:41.320 +03:00 [DBG] Login requested for Fyodor Likhachev
2021-06-06 16:39:41.331 +03:00 [DBG] Added user to idle list
2021-06-06 16:39:46.561 +03:00 [DBG] User connected
2021-06-06 16:39:46.601 +03:00 [DBG] Login requested for Fyodor Likhachev
2021-06-06 16:39:46.602 +03:00 [DBG] Added user to idle list
2021-06-06 16:39:55.158 +03:00 [DBG] User disconnected
2021-06-06 16:46:08.210 +03:00 [DBG] User connected
2021-06-06 16:46:08.279 +03:00 [DBG] Login requested for Fyodor Likhachev
2021-06-06 16:46:08.288 +03:00 [DBG] Added user to idle list
2021-06-06 16:49:23.413 +03:00 [DBG] User connected
2021-06-06 16:49:23.483 +03:00 [DBG] Login requested for Fyodor Likhachev
2021-06-06 16:49:23.496 +03:00 [DBG] Added user to idle list
2021-06-06 16:51:12.019 +03:00 [DBG] User disconnected
2021-06-06 16:52:24.931 +03:00 [DBG] User connected
2021-06-06 16:52:24.999 +03:00 [DBG] Login requested for Fyodor Likhachev
2021-06-06 16:52:25.014 +03:00 [DBG] Added user to idle list
2021-06-06 16:53:57.833 +03:00 [DBG] User connected
2021-06-06 16:53:57.917 +03:00 [DBG] Login requested for Fyodor Likhachev
2021-06-06 16:53:57.937 +03:00 [DBG] Added user to idle list
2021-06-06 16:56:03.476 +03:00 [DBG] User connected
2021-06-06 16:56:03.643 +03:00 [DBG] Login requested for Fyodor Likhachev
2021-06-06 16:56:03.663 +03:00 [DBG] Added user to idle list
2021-06-06 16:56:23.293 +03:00 [DBG] User connected
2021-06-06 16:56:23.370 +03:00 [DBG] Login requested for Fyodor Likhachev
2021-06-06 16:56:23.385 +03:00 [DBG] Added user to idle list
2021-06-06 16:57:17.616 +03:00 [DBG] User connected
2021-06-06 16:57:17.671 +03:00 [DBG] Login requested for Fyodor Likhachev
2021-06-06 16:57:17.685 +03:00 [DBG] Added user to idle list
2021-06-06 16:57:48.820 +03:00 [DBG] User connected
2021-06-06 16:57:48.875 +03:00 [DBG] Login requested for Fyodor Likhachev
2021-06-06 16:57:48.888 +03:00 [DBG] Added user to idle list
2021-06-06 16:58:09.080 +03:00 [DBG] User connected
2021-06-06 16:58:09.152 +03:00 [DBG] Login requested for Fyodor Likhachev
2021-06-06 16:58:09.168 +03:00 [DBG] Added user to idle list
2021-06-06 16:58:50.293 +03:00 [DBG] User connected
2021-06-06 16:58:50.362 +03:00 [DBG] Login requested for Fyodor Likhachev
2021-06-06 16:58:50.379 +03:00 [DBG] Added user to idle list
2021-06-06 16:59:05.514 +03:00 [DBG] User connected
2021-06-06 16:59:05.595 +03:00 [DBG] Login requested for Fyodor Likhachev
2021-06-06 16:59:05.609 +03:00 [DBG] Added user to idle list
2021-06-06 17:00:08.309 +03:00 [DBG] User connected
2021-06-06 17:00:08.372 +03:00 [DBG] Login requested for Fyodor Likhachev
2021-06-06 17:00:08.390 +03:00 [DBG] Added user to idle list
2021-06-06 17:01:34.301 +03:00 [DBG] User connected
2021-06-06 17:01:34.374 +03:00 [DBG] Login requested for Fyodor Likhachev
2021-06-06 17:01:34.389 +03:00 [DBG] Added user to idle list
2021-06-06 17:03:42.915 +03:00 [DBG] User connected
2021-06-06 17:03:42.987 +03:00 [DBG] Login requested for Fyodor Likhachev
2021-06-06 17:03:42.998 +03:00 [DBG] Added user to idle list
2021-06-06 17:04:36.964 +03:00 [DBG] User connected
2021-06-06 17:04:37.047 +03:00 [DBG] Login requested for Fyodor Likhachev
2021-06-06 17:04:37.065 +03:00 [DBG] Added user to idle list
2021-06-06 17:05:10.600 +03:00 [DBG] User connected
2021-06-06 17:05:10.660 +03:00 [DBG] Login requested for Fyodor Likhachev
2021-06-06 17:05:10.675 +03:00 [DBG] Added user to idle list
2021-06-06 17:17:08.155 +03:00 [DBG] User connected
2021-06-06 17:17:08.237 +03:00 [DBG] Login requested for Fyodor Likhachev
2021-06-06 17:17:08.258 +03:00 [DBG] Added user to idle list
2021-06-06 17:17:57.599 +03:00 [DBG] User connected
2021-06-06 17:17:57.673 +03:00 [DBG] Login requested for Fyodor Likhachev
2021-06-06 17:17:57.695 +03:00 [DBG] Added user to idle list
2021-06-06 17:18:30.305 +03:00 [DBG] User connected
2021-06-06 17:18:30.388 +03:00 [DBG] Login requested for Fyodor Likhachev
2021-06-06 17:18:30.405 +03:00 [DBG] Added user to idle list
2021-06-06 17:22:05.412 +03:00 [DBG] User disconnected
2021-06-06 17:25:19.822 +03:00 [DBG] User connected
2021-06-06 17:25:19.898 +03:00 [DBG] Login requested for Fyodor Likhachev
2021-06-06 17:25:19.914 +03:00 [DBG] Added user to idle list
2021-06-06 17:25:52.497 +03:00 [DBG] User connected
2021-06-06 17:25:52.581 +03:00 [DBG] Login requested for Fyodor Likhachev
2021-06-06 17:25:52.594 +03:00 [DBG] Added user to idle list
2021-06-06 17:31:04.672 +03:00 [DBG] User connected
2021-06-06 17:31:04.743 +03:00 [DBG] Login requested for Fyodor Likhachev
2021-06-06 17:31:04.760 +03:00 [DBG] Added user to idle list
2021-06-06 17:33:32.777 +03:00 [DBG] User connected
2021-06-06 17:33:32.847 +03:00 [DBG] Login requested for Fyodor Likhachev
2021-06-06 17:33:32.864 +03:00 [DBG] Added user to idle list
2021-06-06 17:34:08.996 +03:00 [DBG] User connected
2021-06-06 17:34:09.073 +03:00 [DBG] Login requested for Fyodor Likhachev
2021-06-06 17:34:09.087 +03:00 [DBG] Added user to idle list
2021-06-06 17:35:30.486 +03:00 [DBG] User connected
2021-06-06 17:35:30.552 +03:00 [DBG] Login requested for Fyodor Likhachev
2021-06-06 17:35:30.568 +03:00 [DBG] Added user to idle list
2021-06-06 17:36:08.978 +03:00 [DBG] User connected
2021-06-06 17:36:09.061 +03:00 [DBG] Login requested for Fyodor Likhachev
2021-06-06 17:36:09.079 +03:00 [DBG] Added user to idle list
2021-06-06 17:36:51.250 +03:00 [DBG] User connected
2021-06-06 17:36:51.322 +03:00 [DBG] Login requested for Fyodor Likhachev
2021-06-06 17:36:51.338 +03:00 [DBG] Added user to idle list
2021-06-06 17:37:55.520 +03:00 [DBG] User connected
2021-06-06 17:37:55.594 +03:00 [DBG] Login requested for Fyodor Likhachev
2021-06-06 17:37:55.618 +03:00 [DBG] Added user to idle list
2021-06-06 17:38:20.334 +03:00 [DBG] User connected
2021-06-06 17:38:20.414 +03:00 [DBG] Login requested for Fyodor Likhachev
2021-06-06 17:38:20.429 +03:00 [DBG] Added user to idle list
2021-06-06 17:39:26.126 +03:00 [DBG] User connected
2021-06-06 17:39:26.197 +03:00 [DBG] Login requested for Fyodor Likhachev
2021-06-06 17:39:26.212 +03:00 [DBG] Added user to idle list
2021-06-06 17:42:10.399 +03:00 [DBG] User connected
2021-06-06 17:42:10.486 +03:00 [DBG] Login requested for Fyodor Likhachev
2021-06-06 17:42:10.504 +03:00 [DBG] Added user to idle list
2021-06-06 17:43:33.076 +03:00 [DBG] User connected
2021-06-06 17:43:33.195 +03:00 [DBG] Login requested for Fyodor Likhachev
2021-06-06 17:43:33.215 +03:00 [DBG] Added user to idle list
2021-06-06 17:44:07.601 +03:00 [DBG] User connected
2021-06-06 17:44:07.685 +03:00 [DBG] Login requested for Fyodor Likhachev
2021-06-06 17:44:07.697 +03:00 [DBG] Added user to idle list
2021-06-06 17:45:44.093 +03:00 [DBG] User connected
2021-06-06 17:45:44.582 +03:00 [DBG] Login requested for Fyodor Likhachev
2021-06-06 17:45:44.727 +03:00 [DBG] Added user to idle list
2021-06-06 17:47:11.347 +03:00 [DBG] User connected
2021-06-06 17:47:11.491 +03:00 [DBG] Login requested for Fyodor Likhachev
2021-06-06 17:47:11.506 +03:00 [DBG] Added user to idle list
2021-06-06 17:49:02.974 +03:00 [DBG] User connected
2021-06-06 17:49:03.117 +03:00 [DBG] Login requested for Fyodor Likhachev
2021-06-06 17:49:03.165 +03:00 [DBG] Added user to idle list
2021-06-06 17:52:17.772 +03:00 [DBG] User connected
2021-06-06 17:52:17.847 +03:00 [DBG] Login requested for Fyodor Likhachev
2021-06-06 17:52:17.860 +03:00 [DBG] Added user to idle list
2021-06-06 17:52:55.577 +03:00 [DBG] User connected
2021-06-06 17:52:55.656 +03:00 [DBG] Login requested for Fyodor Likhachev
2021-06-06 17:52:55.672 +03:00 [DBG] Added user to idle list
2021-06-06 17:54:41.055 +03:00 [DBG] User connected
2021-06-06 17:54:41.128 +03:00 [DBG] Login requested for Fyodor Likhachev
2021-06-06 17:54:41.149 +03:00 [DBG] Added user to idle list
2021-06-06 17:55:55.755 +03:00 [DBG] User connected
2021-06-06 17:55:55.820 +03:00 [DBG] Login requested for Fyodor Likhachev
2021-06-06 17:55:55.843 +03:00 [DBG] Added user to idle list
2021-06-06 17:55:59.410 +03:00 [DBG] User disconnected
2021-06-06 17:55:59.496 +03:00 [DBG] User connected
2021-06-06 17:55:59.498 +03:00 [DBG] Login requested for Fyodor Likhachev
2021-06-06 17:55:59.499 +03:00 [DBG] Added user to idle list
2021-06-06 17:56:20.925 +03:00 [DBG] User connected
2021-06-06 17:56:20.994 +03:00 [DBG] Login requested for Fyodor Likhachev
2021-06-06 17:56:21.002 +03:00 [DBG] Added user to idle list
2021-06-06 17:56:49.968 +03:00 [DBG] User connected
2021-06-06 17:56:50.049 +03:00 [DBG] Login requested for Fyodor Likhachev
2021-06-06 17:56:50.058 +03:00 [DBG] Added user to idle list
2021-06-06 17:57:23.625 +03:00 [DBG] User connected
2021-06-06 17:57:23.709 +03:00 [DBG] Login requested for Fyodor Likhachev
2021-06-06 17:57:23.724 +03:00 [DBG] Added user to idle list
2021-06-06 17:59:41.694 +03:00 [DBG] User connected
2021-06-06 17:59:41.760 +03:00 [DBG] Login requested for Fyodor Likhachev
2021-06-06 17:59:41.773 +03:00 [DBG] Added user to idle list
2021-06-06 18:00:18.516 +03:00 [DBG] User connected
2021-06-06 18:00:18.586 +03:00 [DBG] Login requested for Fyodor Likhachev
2021-06-06 18:00:18.594 +03:00 [DBG] Added user to idle list
2021-06-06 18:03:13.104 +03:00 [DBG] User disconnected
2021-06-06 18:03:44.480 +03:00 [DBG] User connected
2021-06-06 18:03:44.554 +03:00 [DBG] Login requested for Fyodor Likhachev
2021-06-06 18:03:44.566 +03:00 [DBG] Added user to idle list
2021-06-06 18:04:00.134 +03:00 [DBG] User connected
2021-06-06 18:04:00.237 +03:00 [DBG] Login requested for Fyodor Likhachev
2021-06-06 18:04:00.238 +03:00 [DBG] Added user to idle list
2021-06-06 18:05:29.290 +03:00 [DBG] User disconnected
2021-06-06 18:05:29.965 +03:00 [DBG] User disconnected
